mode: atomic
github.com/steffen25/go-firmafon/employees.go:37.66,40.16 3 0
github.com/steffen25/go-firmafon/employees.go:44.2,46.16 3 0
github.com/steffen25/go-firmafon/employees.go:50.2,50.34 1 0
github.com/steffen25/go-firmafon/employees.go:40.16,42.3 1 0
github.com/steffen25/go-firmafon/employees.go:46.16,48.3 1 0
github.com/steffen25/go-firmafon/employees.go:53.74,56.16 3 0
github.com/steffen25/go-firmafon/employees.go:60.2,62.16 3 0
github.com/steffen25/go-firmafon/employees.go:66.2,66.30 1 0
github.com/steffen25/go-firmafon/employees.go:56.16,58.3 1 0
github.com/steffen25/go-firmafon/employees.go:62.16,64.3 1 0
github.com/steffen25/go-firmafon/employees.go:69.78,73.16 4 0
github.com/steffen25/go-firmafon/employees.go:77.2,79.16 3 0
github.com/steffen25/go-firmafon/employees.go:83.2,83.32 1 0
github.com/steffen25/go-firmafon/employees.go:73.16,75.3 1 0
github.com/steffen25/go-firmafon/employees.go:79.16,81.3 1 0
github.com/steffen25/go-firmafon/firmafon.go:48.36,48.74 1 0
github.com/steffen25/go-firmafon/firmafon.go:50.40,54.2 1 0
github.com/steffen25/go-firmafon/firmafon.go:56.38,64.2 6 4
github.com/steffen25/go-firmafon/firmafon.go:66.74,68.16 2 0
github.com/steffen25/go-firmafon/firmafon.go:72.2,75.16 3 0
github.com/steffen25/go-firmafon/firmafon.go:79.2,79.15 1 0
github.com/steffen25/go-firmafon/firmafon.go:83.2,83.14 1 0
github.com/steffen25/go-firmafon/firmafon.go:94.2,94.22 1 0
github.com/steffen25/go-firmafon/firmafon.go:68.16,70.3 1 0
github.com/steffen25/go-firmafon/firmafon.go:75.16,77.3 1 0
github.com/steffen25/go-firmafon/firmafon.go:79.15,81.3 1 0
github.com/steffen25/go-firmafon/firmafon.go:83.14,84.33 1 0
github.com/steffen25/go-firmafon/firmafon.go:84.33,86.4 1 0
github.com/steffen25/go-firmafon/firmafon.go:86.4,88.21 2 0
github.com/steffen25/go-firmafon/firmafon.go:88.21,90.5 1 0
github.com/steffen25/go-firmafon/firmafon.go:97.93,98.45 1 3
github.com/steffen25/go-firmafon/firmafon.go:101.2,102.16 2 2
github.com/steffen25/go-firmafon/firmafon.go:106.2,107.17 2 1
github.com/steffen25/go-firmafon/firmafon.go:117.2,118.16 2 1
github.com/steffen25/go-firmafon/firmafon.go:122.2,124.17 2 1
github.com/steffen25/go-firmafon/firmafon.go:127.2,129.17 2 1
github.com/steffen25/go-firmafon/firmafon.go:98.45,100.3 1 1
github.com/steffen25/go-firmafon/firmafon.go:102.16,104.3 1 1
github.com/steffen25/go-firmafon/firmafon.go:107.17,112.17 5 1
github.com/steffen25/go-firmafon/firmafon.go:112.17,114.4 1 0
github.com/steffen25/go-firmafon/firmafon.go:118.16,120.3 1 0
github.com/steffen25/go-firmafon/firmafon.go:124.17,126.3 1 1
github.com/steffen25/go-firmafon/firmafon.go:132.44,133.45 1 0
github.com/steffen25/go-firmafon/firmafon.go:137.2,138.25 2 0
github.com/steffen25/go-firmafon/firmafon.go:147.2,147.22 1 0
github.com/steffen25/go-firmafon/firmafon.go:133.45,135.3 1 0
github.com/steffen25/go-firmafon/firmafon.go:138.25,140.32 2 0
github.com/steffen25/go-firmafon/firmafon.go:144.3,144.23 1 0
github.com/steffen25/go-firmafon/firmafon.go:140.32,142.4 1 0
github.com/steffen25/go-firmafon/firmafon.go:150.46,153.2 2 0
github.com/steffen25/go-firmafon/firmafon.go:155.41,156.16 1 0
github.com/steffen25/go-firmafon/firmafon.go:159.2,160.41 2 0
github.com/steffen25/go-firmafon/firmafon.go:164.2,164.12 1 0
github.com/steffen25/go-firmafon/firmafon.go:156.16,158.3 1 0
github.com/steffen25/go-firmafon/firmafon.go:160.41,163.3 2 0
